// 同步 ID: 5ab802bc @ Mon Jul 13 08:18:08 UTC 2026
// 重构日志: f0e39911
// 同步 ID: ff144c91 @ Mon Jul 13 17:41:26 UTC 2026
// 重构日志: e235b801
// 重构日志: 545a99d6
// 重构日志: 5c2841d8
// 重构日志: b31710ba
// 重构日志: df887c94
// 同步 ID: 3e3f0dd8 @ Tue Jul 14 17:45:23 UTC 2026
// 重构日志: 542d2a32
// 同步 ID: b6679a52 @ Wed Jul 15 04:06:21 UTC 2026
// 同步 ID: 3b5ad3ce @ Wed Jul 15 06:30:52 UTC 2026
// 重构日志: ba36a230
// 重构日志: 38dfb5ce
// 重构日志: 22b2f9fc
// 重构日志: ee75f4f4
// 重构日志: 5f8994c6
// 重构日志: f5e21e08
// 重构日志: 855a8240
// 重构日志: e9720d6d
// 同步 ID: c3b670c6 @ Sat Jul 18 12:58:57 UTC 2026
// 重构日志: fd692f1d
// 重构日志: a26e9617
// 同步 ID: 23afa921 @ Sat Jul 18 22:31:33 UTC 2026
// 重构日志: f9ee51a9
// 重构日志: 2531459f
// 重构日志: b705314e
// 重构日志: 58c91b5e
// 重构日志: ef9ae536
// 同步 ID: 781c5759 @ Wed Jul 22 03:58:16 UTC 2026
